[21:13:16] [Server thread/INFO]: Starting minecraft server version 1.11.2
[21:13:17] [Server thread/INFO]: Loading properties
[21:13:17] [Server thread/INFO]: Default game type: CREATIVE
[21:13:17] [Server thread/INFO]: This server is running CraftBukkit version git-Spigot-6de2fbc-c1aa859 (MC: 1.11.2) (Implementing API version 1.11.2-R0.1-SNAPSHOT)
[21:13:17] [Server thread/INFO]: Debug logging is disabled
[21:13:17] [Server thread/INFO]: Server Ping Player Sample Count: 12
[21:13:17] [Server thread/INFO]: Using 4 threads for Netty based IO
[21:13:17] [Server thread/INFO]: Generating keypair
[21:13:18] [Server thread/INFO]: Starting Minecraft server on *:25565
[21:13:18] [Server thread/INFO]: Using default channel type
[21:13:18] [Server thread/INFO]: Set PluginClassLoader as parallel capable
[21:13:19] [Server thread/INFO]: [SetSpawn] Loading SetSpawn v2.1
[21:13:19] [Server thread/INFO]: [RaspberryJuice] Loading RaspberryJuice v1.7
[21:13:19] [Server thread/INFO]: **** Beginning UUID conversion, this may take A LONG time ****
[21:13:19] [Server thread/INFO]: Preparing level "world"
[21:13:19] [Server thread/INFO]: -------- World Settings For [world] --------
[21:13:19] [Server thread/INFO]: Allow Zombie Pigmen to spawn from portal blocks: true
[21:13:19] [Server thread/INFO]: Arrow Despawn Rate: 1200
[21:13:19] [Server thread/INFO]: Item Merge Radius: 2.5
[21:13:19] [Server thread/INFO]: Item Despawn Rate: 6000
[21:13:19] [Server thread/INFO]: Random Lighting Updates: false
[21:13:19] [Server thread/INFO]: Tile Max Tick Time: 50ms Entity max Tick Time: 50ms
[21:13:19] [Server thread/INFO]: Hopper Transfer: 8 Hopper Check: 8 Hopper Amount: 1
[21:13:19] [Server thread/INFO]: Max TNT Explosions: 100
[21:13:19] [Server thread/INFO]: Structure Info Saving: true
[21:13:19] [Server thread/INFO]: Entity Tracking Range: Pl 48 / An 48 / Mo 48 / Mi 32 / Other 64
[21:13:19] [Server thread/INFO]: Entity Activation Range: An 32 / Mo 32 / Mi 16
[21:13:19] [Server thread/INFO]: Cactus Growth Modifier: 100%
[21:13:19] [Server thread/INFO]: Cane Growth Modifier: 100%
[21:13:19] [Server thread/INFO]: Melon Growth Modifier: 100%
[21:13:19] [Server thread/INFO]: Mushroom Growth Modifier: 100%
[21:13:19] [Server thread/INFO]: Pumpkin Growth Modifier: 100%
[21:13:19] [Server thread/INFO]: Sapling Growth Modifier: 100%
[21:13:19] [Server thread/INFO]: Wheat Growth Modifier: 100%
[21:13:19] [Server thread/INFO]: NetherWart Growth Modifier: 100%
[21:13:19] [Server thread/INFO]: Vine Growth Modifier: 100%
[21:13:19] [Server thread/INFO]: Cocoa Growth Modifier: 100%
[21:13:19] [Server thread/INFO]: Mob Spawn Range: 4
[21:13:19] [Server thread/INFO]: Zombie Aggressive Towards Villager: true
[21:13:19] [Server thread/INFO]: View Distance: 10
[21:13:19] [Server thread/INFO]: Experience Merge Radius: 3.0
[21:13:19] [Server thread/INFO]: Nerfing mobs spawned from spawners: false
[21:13:19] [Server thread/INFO]: Custom Map Seeds:  Village: 10387312 Feature: 14357617Monument: 10387313 Slime: 987234911
[21:13:19] [Server thread/INFO]: -------- World Settings For [world_nether] --------
[21:13:19] [Server thread/INFO]: Allow Zombie Pigmen to spawn from portal blocks: true
[21:13:19] [Server thread/INFO]: Arrow Despawn Rate: 1200
[21:13:19] [Server thread/INFO]: Item Merge Radius: 2.5
[21:13:19] [Server thread/INFO]: Item Despawn Rate: 6000
[21:13:19] [Server thread/INFO]: Random Lighting Updates: false
[21:13:19] [Server thread/INFO]: Tile Max Tick Time: 50ms Entity max Tick Time: 50ms
[21:13:19] [Server thread/INFO]: Hopper Transfer: 8 Hopper Check: 8 Hopper Amount: 1
[21:13:19] [Server thread/INFO]: Max TNT Explosions: 100
[21:13:19] [Server thread/INFO]: Structure Info Saving: true
[21:13:19] [Server thread/INFO]: Entity Tracking Range: Pl 48 / An 48 / Mo 48 / Mi 32 / Other 64
[21:13:19] [Server thread/INFO]: Entity Activation Range: An 32 / Mo 32 / Mi 16
[21:13:19] [Server thread/INFO]: Cactus Growth Modifier: 100%
[21:13:19] [Server thread/INFO]: Cane Growth Modifier: 100%
[21:13:19] [Server thread/INFO]: Melon Growth Modifier: 100%
[21:13:19] [Server thread/INFO]: Mushroom Growth Modifier: 100%
[21:13:19] [Server thread/INFO]: Pumpkin Growth Modifier: 100%
[21:13:19] [Server thread/INFO]: Sapling Growth Modifier: 100%
[21:13:19] [Server thread/INFO]: Wheat Growth Modifier: 100%
[21:13:19] [Server thread/INFO]: NetherWart Growth Modifier: 100%
[21:13:19] [Server thread/INFO]: Vine Growth Modifier: 100%
[21:13:19] [Server thread/INFO]: Cocoa Growth Modifier: 100%
[21:13:19] [Server thread/INFO]: Mob Spawn Range: 4
[21:13:19] [Server thread/INFO]: Zombie Aggressive Towards Villager: true
[21:13:19] [Server thread/INFO]: View Distance: 10
[21:13:19] [Server thread/INFO]: Experience Merge Radius: 3.0
[21:13:19] [Server thread/INFO]: Nerfing mobs spawned from spawners: false
[21:13:19] [Server thread/INFO]: Custom Map Seeds:  Village: 10387312 Feature: 14357617Monument: 10387313 Slime: 987234911
[21:13:20] [Server thread/INFO]: -------- World Settings For [world_the_end] --------
[21:13:20] [Server thread/INFO]: Allow Zombie Pigmen to spawn from portal blocks: true
[21:13:20] [Server thread/INFO]: Arrow Despawn Rate: 1200
[21:13:20] [Server thread/INFO]: Item Merge Radius: 2.5
[21:13:20] [Server thread/INFO]: Item Despawn Rate: 6000
[21:13:20] [Server thread/INFO]: Random Lighting Updates: false
[21:13:20] [Server thread/INFO]: Tile Max Tick Time: 50ms Entity max Tick Time: 50ms
[21:13:20] [Server thread/INFO]: Hopper Transfer: 8 Hopper Check: 8 Hopper Amount: 1
[21:13:20] [Server thread/INFO]: Max TNT Explosions: 100
[21:13:20] [Server thread/INFO]: Structure Info Saving: true
[21:13:20] [Server thread/INFO]: Entity Tracking Range: Pl 48 / An 48 / Mo 48 / Mi 32 / Other 64
[21:13:20] [Server thread/INFO]: Entity Activation Range: An 32 / Mo 32 / Mi 16
[21:13:20] [Server thread/INFO]: Cactus Growth Modifier: 100%
[21:13:20] [Server thread/INFO]: Cane Growth Modifier: 100%
[21:13:20] [Server thread/INFO]: Melon Growth Modifier: 100%
[21:13:20] [Server thread/INFO]: Mushroom Growth Modifier: 100%
[21:13:20] [Server thread/INFO]: Pumpkin Growth Modifier: 100%
[21:13:20] [Server thread/INFO]: Sapling Growth Modifier: 100%
[21:13:20] [Server thread/INFO]: Wheat Growth Modifier: 100%
[21:13:20] [Server thread/INFO]: NetherWart Growth Modifier: 100%
[21:13:20] [Server thread/INFO]: Vine Growth Modifier: 100%
[21:13:20] [Server thread/INFO]: Cocoa Growth Modifier: 100%
[21:13:20] [Server thread/INFO]: Mob Spawn Range: 4
[21:13:20] [Server thread/INFO]: Zombie Aggressive Towards Villager: true
[21:13:20] [Server thread/INFO]: View Distance: 10
[21:13:20] [Server thread/INFO]: Experience Merge Radius: 3.0
[21:13:20] [Server thread/INFO]: Nerfing mobs spawned from spawners: false
[21:13:20] [Server thread/INFO]: Custom Map Seeds:  Village: 10387312 Feature: 14357617Monument: 10387313 Slime: 987234911
[21:13:20] [Server thread/INFO]: Preparing start region for level 0 (Seed: -3431479990777868491)
[21:13:21] [Server thread/INFO]: Preparing spawn area: 3%
[21:13:22] [Server thread/INFO]: Preparing spawn area: 78%
[21:13:22] [Server thread/INFO]: Preparing start region for level 1 (Seed: -3431479990777868491)
[21:13:23] [Server thread/INFO]: Preparing spawn area: 92%
[21:13:23] [Server thread/INFO]: Preparing start region for level 2 (Seed: -3431479990777868491)
[21:13:23] [Server thread/INFO]: [SetSpawn] Enabling SetSpawn v2.1
[21:13:23] [Server thread/INFO]: [RaspberryJuice] Enabling RaspberryJuice v1.7
[21:13:23] [Server thread/INFO]: [RaspberryJuice] ThreadListener Started
[21:13:23] [Server thread/INFO]: Server permissions file permissions.yml is empty, ignoring it
[21:13:23] [Server thread/INFO]: Done (4.671s)! For help, type "help" or "?"
