[18:14:36] [Server thread/INFO]: Starting minecraft server version 1.11.2
[18:14:36] [Server thread/INFO]: Loading properties
[18:14:36] [Server thread/INFO]: Default game type: CREATIVE
[18:14:36] [Server thread/INFO]: This server is running CraftBukkit version git-Spigot-6de2fbc-c1aa859 (MC: 1.11.2) (Implementing API version 1.11.2-R0.1-SNAPSHOT)
[18:14:36] [Server thread/INFO]: Debug logging is disabled
[18:14:36] [Server thread/INFO]: Server Ping Player Sample Count: 12
[18:14:36] [Server thread/INFO]: Using 4 threads for Netty based IO
[18:14:36] [Server thread/INFO]: Generating keypair
[18:14:36] [Server thread/INFO]: Starting Minecraft server on *:25565
[18:14:36] [Server thread/INFO]: Using default channel type
[18:14:37] [Server thread/INFO]: Set PluginClassLoader as parallel capable
[18:14:38] [Server thread/INFO]: [SetSpawn] Loading SetSpawn v2.1
[18:14:38] [Server thread/INFO]: [RaspberryJuice] Loading RaspberryJuice v1.7
[18:14:38] [Server thread/WARN]: **** SERVER IS RUNNING IN OFFLINE/INSECURE MODE!
[18:14:38] [Server thread/WARN]: The server will make no attempt to authenticate usernames. Beware.
[18:14:38] [Server thread/WARN]: While this makes the game possible to play without internet access, it also opens up the ability for hackers to connect with any username they choose.
[18:14:38] [Server thread/WARN]: To change this, set "online-mode" to "true" in the server.properties file.
[18:14:38] [Server thread/INFO]: **** Beginning UUID conversion, this may take A LONG time ****
[18:14:38] [Server thread/INFO]: Preparing level "world"
[18:14:38] [Server thread/INFO]: -------- World Settings For [world] --------
[18:14:38] [Server thread/INFO]: Allow Zombie Pigmen to spawn from portal blocks: true
[18:14:38] [Server thread/INFO]: Item Merge Radius: 2.5
[18:14:38] [Server thread/INFO]: Item Despawn Rate: 6000
[18:14:38] [Server thread/INFO]: View Distance: 10
[18:14:38] [Server thread/INFO]: Arrow Despawn Rate: 1200
[18:14:38] [Server thread/INFO]: Tile Max Tick Time: 50ms Entity max Tick Time: 50ms
[18:14:38] [Server thread/INFO]: Structure Info Saving: true
[18:14:38] [Server thread/INFO]: Random Lighting Updates: false
[18:14:38] [Server thread/INFO]: Max TNT Explosions: 100
[18:14:38] [Server thread/INFO]: Mob Spawn Range: 4
[18:14:38] [Server thread/INFO]: Cactus Growth Modifier: 100%
[18:14:38] [Server thread/INFO]: Cane Growth Modifier: 100%
[18:14:38] [Server thread/INFO]: Melon Growth Modifier: 100%
[18:14:38] [Server thread/INFO]: Mushroom Growth Modifier: 100%
[18:14:38] [Server thread/INFO]: Pumpkin Growth Modifier: 100%
[18:14:38] [Server thread/INFO]: Sapling Growth Modifier: 100%
[18:14:38] [Server thread/INFO]: Wheat Growth Modifier: 100%
[18:14:38] [Server thread/INFO]: NetherWart Growth Modifier: 100%
[18:14:38] [Server thread/INFO]: Vine Growth Modifier: 100%
[18:14:38] [Server thread/INFO]: Cocoa Growth Modifier: 100%
[18:14:38] [Server thread/INFO]: Entity Activation Range: An 32 / Mo 32 / Mi 16
[18:14:38] [Server thread/INFO]: Entity Tracking Range: Pl 48 / An 48 / Mo 48 / Mi 32 / Other 64
[18:14:38] [Server thread/INFO]: Hopper Transfer: 8 Hopper Check: 8 Hopper Amount: 1
[18:14:38] [Server thread/INFO]: Zombie Aggressive Towards Villager: true
[18:14:38] [Server thread/INFO]: Experience Merge Radius: 3.0
[18:14:38] [Server thread/INFO]: Nerfing mobs spawned from spawners: false
[18:14:38] [Server thread/INFO]: Custom Map Seeds:  Village: 10387312 Feature: 14357617Monument: 10387313 Slime: 987234911
[18:14:38] [Server thread/INFO]: -------- World Settings For [world_nether] --------
[18:14:38] [Server thread/INFO]: Allow Zombie Pigmen to spawn from portal blocks: true
[18:14:38] [Server thread/INFO]: Item Merge Radius: 2.5
[18:14:38] [Server thread/INFO]: Item Despawn Rate: 6000
[18:14:38] [Server thread/INFO]: View Distance: 10
[18:14:38] [Server thread/INFO]: Arrow Despawn Rate: 1200
[18:14:38] [Server thread/INFO]: Tile Max Tick Time: 50ms Entity max Tick Time: 50ms
[18:14:38] [Server thread/INFO]: Structure Info Saving: true
[18:14:38] [Server thread/INFO]: Random Lighting Updates: false
[18:14:38] [Server thread/INFO]: Max TNT Explosions: 100
[18:14:38] [Server thread/INFO]: Mob Spawn Range: 4
[18:14:38] [Server thread/INFO]: Cactus Growth Modifier: 100%
[18:14:38] [Server thread/INFO]: Cane Growth Modifier: 100%
[18:14:38] [Server thread/INFO]: Melon Growth Modifier: 100%
[18:14:38] [Server thread/INFO]: Mushroom Growth Modifier: 100%
[18:14:38] [Server thread/INFO]: Pumpkin Growth Modifier: 100%
[18:14:38] [Server thread/INFO]: Sapling Growth Modifier: 100%
[18:14:38] [Server thread/INFO]: Wheat Growth Modifier: 100%
[18:14:38] [Server thread/INFO]: NetherWart Growth Modifier: 100%
[18:14:38] [Server thread/INFO]: Vine Growth Modifier: 100%
[18:14:38] [Server thread/INFO]: Cocoa Growth Modifier: 100%
[18:14:38] [Server thread/INFO]: Entity Activation Range: An 32 / Mo 32 / Mi 16
[18:14:38] [Server thread/INFO]: Entity Tracking Range: Pl 48 / An 48 / Mo 48 / Mi 32 / Other 64
[18:14:38] [Server thread/INFO]: Hopper Transfer: 8 Hopper Check: 8 Hopper Amount: 1
[18:14:38] [Server thread/INFO]: Zombie Aggressive Towards Villager: true
[18:14:38] [Server thread/INFO]: Experience Merge Radius: 3.0
[18:14:38] [Server thread/INFO]: Nerfing mobs spawned from spawners: false
[18:14:38] [Server thread/INFO]: Custom Map Seeds:  Village: 10387312 Feature: 14357617Monument: 10387313 Slime: 987234911
[18:14:39] [Server thread/INFO]: -------- World Settings For [world_the_end] --------
[18:14:39] [Server thread/INFO]: Allow Zombie Pigmen to spawn from portal blocks: true
[18:14:39] [Server thread/INFO]: Item Merge Radius: 2.5
[18:14:39] [Server thread/INFO]: Item Despawn Rate: 6000
[18:14:39] [Server thread/INFO]: View Distance: 10
[18:14:39] [Server thread/INFO]: Arrow Despawn Rate: 1200
[18:14:39] [Server thread/INFO]: Tile Max Tick Time: 50ms Entity max Tick Time: 50ms
[18:14:39] [Server thread/INFO]: Structure Info Saving: true
[18:14:39] [Server thread/INFO]: Random Lighting Updates: false
[18:14:39] [Server thread/INFO]: Max TNT Explosions: 100
[18:14:39] [Server thread/INFO]: Mob Spawn Range: 4
[18:14:39] [Server thread/INFO]: Cactus Growth Modifier: 100%
[18:14:39] [Server thread/INFO]: Cane Growth Modifier: 100%
[18:14:39] [Server thread/INFO]: Melon Growth Modifier: 100%
[18:14:39] [Server thread/INFO]: Mushroom Growth Modifier: 100%
[18:14:39] [Server thread/INFO]: Pumpkin Growth Modifier: 100%
[18:14:39] [Server thread/INFO]: Sapling Growth Modifier: 100%
[18:14:39] [Server thread/INFO]: Wheat Growth Modifier: 100%
[18:14:39] [Server thread/INFO]: NetherWart Growth Modifier: 100%
[18:14:39] [Server thread/INFO]: Vine Growth Modifier: 100%
[18:14:39] [Server thread/INFO]: Cocoa Growth Modifier: 100%
[18:14:39] [Server thread/INFO]: Entity Activation Range: An 32 / Mo 32 / Mi 16
[18:14:39] [Server thread/INFO]: Entity Tracking Range: Pl 48 / An 48 / Mo 48 / Mi 32 / Other 64
[18:14:39] [Server thread/INFO]: Hopper Transfer: 8 Hopper Check: 8 Hopper Amount: 1
[18:14:39] [Server thread/INFO]: Zombie Aggressive Towards Villager: true
[18:14:39] [Server thread/INFO]: Experience Merge Radius: 3.0
[18:14:39] [Server thread/INFO]: Nerfing mobs spawned from spawners: false
[18:14:39] [Server thread/INFO]: Custom Map Seeds:  Village: 10387312 Feature: 14357617Monument: 10387313 Slime: 987234911
[18:14:39] [Server thread/INFO]: Preparing start region for level 0 (Seed: -8781316318175103413)
[18:14:40] [Server thread/INFO]: Preparing spawn area: 15%
[18:14:41] [Server thread/INFO]: Preparing spawn area: 88%
[18:14:41] [Server thread/INFO]: Preparing start region for level 1 (Seed: -8781316318175103413)
[18:14:42] [Server thread/INFO]: Preparing spawn area: 78%
[18:14:42] [Server thread/INFO]: Preparing start region for level 2 (Seed: -8781316318175103413)
[18:14:43] [Server thread/INFO]: [SetSpawn] Enabling SetSpawn v2.1
[18:14:43] [Server thread/INFO]: [RaspberryJuice] Enabling RaspberryJuice v1.7
[18:14:43] [Server thread/INFO]: [RaspberryJuice] ThreadListener Started
[18:14:43] [Server thread/INFO]: Server permissions file permissions.yml is empty, ignoring it
[18:14:43] [Server thread/INFO]: Done (5.008s)! For help, type "help" or "?"
[18:14:55] [User Authenticator #1/INFO]: UUID of player cit4 is 7244880b-5c71-3c24-888c-7c0fe9acde6c
[18:14:56] [Server thread/INFO]: cit4[/127.0.0.1:50079] logged in with entity id 266 at ([world]250.5, 70.0, 259.5)
[18:15:33] [Server thread/INFO]: cit4 has just earned the achievement [Taking Inventory]
[18:36:49] [Thread-8/INFO]: [RaspberryJuice] Opened connection to/127.0.0.1:51100.
[18:36:49] [Thread-9/INFO]: [RaspberryJuice] Starting input thread
[18:36:49] [Thread-10/INFO]: [RaspberryJuice] Starting output thread!
[18:37:06] [Server thread/INFO]: [RaspberryJuice] Closed connection to/127.0.0.1:51100.
[18:37:46] [Thread-8/INFO]: [RaspberryJuice] Opened connection to/127.0.0.1:51155.
[18:37:46] [Thread-11/INFO]: [RaspberryJuice] Starting input thread
[18:37:46] [Thread-12/INFO]: [RaspberryJuice] Starting output thread!
[18:37:47] [Server thread/INFO]: [RaspberryJuice] Closed connection to/127.0.0.1:51155.
[18:38:01] [Thread-8/INFO]: [RaspberryJuice] Opened connection to/127.0.0.1:51170.
[18:38:01] [Thread-14/INFO]: [RaspberryJuice] Starting output thread!
[18:38:01] [Thread-13/INFO]: [RaspberryJuice] Starting input thread
[18:38:01] [Server thread/INFO]: [RaspberryJuice] Closed connection to/127.0.0.1:51170.
[18:50:03] [Server thread/INFO]: cit4 lost connection: Disconnected
[18:50:04] [Server thread/INFO]: cit4 left the game
[19:07:29] [User Authenticator #2/INFO]: UUID of player cit4 is 7244880b-5c71-3c24-888c-7c0fe9acde6c
[19:07:50] [Server thread/INFO]: cit4[/127.0.0.1:51780] logged in with entity id 359690 at ([world]281.3771434190389, 199.3747513442109, 322.3775280736021)
[19:08:19] [Server thread/INFO]: cit4 lost connection: Timed out
[19:08:21] [Server thread/INFO]: cit4 left the game
[19:09:40] [User Authenticator #3/INFO]: UUID of player cit4 is 7244880b-5c71-3c24-888c-7c0fe9acde6c
[19:09:57] [Server thread/INFO]: cit4[/127.0.0.1:51816] logged in with entity id 365401 at ([world]281.3771434190389, 199.3747513442109, 322.3775280736021)
[19:10:30] [Server thread/INFO]: cit4 lost connection: Timed out
[19:10:33] [Server thread/INFO]: cit4 left the game
[19:11:34] [User Authenticator #4/INFO]: UUID of player cit4 is 7244880b-5c71-3c24-888c-7c0fe9acde6c
[19:11:52] [Server thread/INFO]: cit4[/127.0.0.1:51851] logged in with entity id 368344 at ([world]281.3771434190389, 199.3747513442109, 322.3775280736021)
[19:12:26] [Server thread/INFO]: cit4 lost connection: Timed out
[19:12:28] [Server thread/INFO]: cit4 left the game
[19:15:00] [User Authenticator #5/INFO]: UUID of player cit4 is 7244880b-5c71-3c24-888c-7c0fe9acde6c
[19:15:22] [Server thread/INFO]: cit4[/127.0.0.1:51885] logged in with entity id 373510 at ([world]281.3771434190389, 199.3747513442109, 322.3775280736021)
[19:16:03] [Server thread/INFO]: cit4 lost connection: Timed out
[19:16:03] [Server thread/INFO]: cit4 left the game
